<?xml version="1.0" encoding="UTF-8"?>
<testsuite xmlns:xsi="http://www.w3.org/2001/XMLSchema-instance" xsi:noNamespaceSchemaLocation="https://maven.apache.org/surefire/maven-surefire-plugin/xsd/surefire-test-report-3.0.xsd" version="3.0" name="UnitTesting.OrderTest" time="0.248" tests="11" errors="0" skipped="0" failures="1">
  <properties>
    <property name="java.specification.version" value="21"/>
    <property name="sun.cpu.isalist" value="amd64"/>
    <property name="sun.jnu.encoding" value="Cp1255"/>
    <property name="java.class.path" value="C:\Users\ronya\Programing\BGU\BGU2\HM-BGU\six_semester\pre_project\Fakezon\target\test-classes;C:\Users\ronya\Programing\BGU\BGU2\HM-BGU\six_semester\pre_project\Fakezon\target\classes;C:\Users\ronya\.m2\repository\org\junit\jupiter\junit-jupiter\5.10.0\junit-jupiter-5.10.0.jar;C:\Users\ronya\.m2\repository\org\junit\jupiter\junit-jupiter-api\5.10.0\junit-jupiter-api-5.10.0.jar;C:\Users\ronya\.m2\repository\org\opentest4j\opentest4j\1.3.0\opentest4j-1.3.0.jar;C:\Users\ronya\.m2\repository\org\junit\platform\junit-platform-commons\1.10.0\junit-platform-commons-1.10.0.jar;C:\Users\ronya\.m2\repository\org\apiguardian\apiguardian-api\1.1.2\apiguardian-api-1.1.2.jar;C:\Users\ronya\.m2\repository\org\junit\jupiter\junit-jupiter-params\5.10.0\junit-jupiter-params-5.10.0.jar;C:\Users\ronya\.m2\repository\org\junit\jupiter\junit-jupiter-engine\5.10.0\junit-jupiter-engine-5.10.0.jar;C:\Users\ronya\.m2\repository\org\junit\platform\junit-platform-engine\1.10.0\junit-platform-engine-1.10.0.jar;"/>
    <property name="java.vm.vendor" value="Oracle Corporation"/>
    <property name="sun.arch.data.model" value="64"/>
    <property name="user.variant" value=""/>
    <property name="java.vendor.url" value="https://java.oracle.com/"/>
    <property name="user.timezone" value="Asia/Jerusalem"/>
    <property name="user.country.format" value="IL"/>
    <property name="os.name" value="Windows 11"/>
    <property name="java.vm.specification.version" value="21"/>
    <property name="user.country" value="US"/>
    <property name="sun.java.launcher" value="SUN_STANDARD"/>
    <property name="sun.boot.library.path" value="C:\Program Files\Java\jdk-21\bin"/>
    <property name="sun.java.command" value="C:\Users\ronya\AppData\Local\Temp\surefire8305094010841515969\surefirebooter-20250414172100565_3.jar C:\Users\ronya\AppData\Local\Temp\surefire8305094010841515969 2025-04-14T17-20-59_903-jvmRun1 surefire-20250414172100565_1tmp surefire_0-20250414172100565_2tmp"/>
    <property name="jdk.debug" value="release"/>
    <property name="test" value="UnitTesting.OrderTest"/>
    <property name="surefire.test.class.path" value="C:\Users\ronya\Programing\BGU\BGU2\HM-BGU\six_semester\pre_project\Fakezon\target\test-classes;C:\Users\ronya\Programing\BGU\BGU2\HM-BGU\six_semester\pre_project\Fakezon\target\classes;C:\Users\ronya\.m2\repository\org\junit\jupiter\junit-jupiter\5.10.0\junit-jupiter-5.10.0.jar;C:\Users\ronya\.m2\repository\org\junit\jupiter\junit-jupiter-api\5.10.0\junit-jupiter-api-5.10.0.jar;C:\Users\ronya\.m2\repository\org\opentest4j\opentest4j\1.3.0\opentest4j-1.3.0.jar;C:\Users\ronya\.m2\repository\org\junit\platform\junit-platform-commons\1.10.0\junit-platform-commons-1.10.0.jar;C:\Users\ronya\.m2\repository\org\apiguardian\apiguardian-api\1.1.2\apiguardian-api-1.1.2.jar;C:\Users\ronya\.m2\repository\org\junit\jupiter\junit-jupiter-params\5.10.0\junit-jupiter-params-5.10.0.jar;C:\Users\ronya\.m2\repository\org\junit\jupiter\junit-jupiter-engine\5.10.0\junit-jupiter-engine-5.10.0.jar;C:\Users\ronya\.m2\repository\org\junit\platform\junit-platform-engine\1.10.0\junit-platform-engine-1.10.0.jar;"/>
    <property name="sun.cpu.endian" value="little"/>
    <property name="user.home" value="C:\Users\ronya"/>
    <property name="user.language" value="en"/>
    <property name="java.specification.vendor" value="Oracle Corporation"/>
    <property name="java.version.date" value="2024-04-16"/>
    <property name="java.home" value="C:\Program Files\Java\jdk-21"/>
    <property name="file.separator" value="\"/>
    <property name="basedir" value="C:\Users\ronya\Programing\BGU\BGU2\HM-BGU\six_semester\pre_project\Fakezon"/>
    <property name="java.vm.compressedOopsMode" value="Zero based"/>
    <property name="line.separator" value="&#10;"/>
    <property name="java.vm.specification.vendor" value="Oracle Corporation"/>
    <property name="java.specification.name" value="Java Platform API Specification"/>
    <property name="surefire.real.class.path" value="C:\Users\ronya\AppData\Local\Temp\surefire8305094010841515969\surefirebooter-20250414172100565_3.jar"/>
    <property name="user.script" value=""/>
    <property name="sun.management.compiler" value="HotSpot 64-Bit Tiered Compilers"/>
    <property name="java.runtime.version" value="21.0.3+7-LTS-152"/>
    <property name="user.name" value="ronya"/>
    <property name="stdout.encoding" value="Cp1255"/>
    <property name="path.separator" value=";"/>
    <property name="os.version" value="10.0"/>
    <property name="java.runtime.name" value="Java(TM) SE Runtime Environment"/>
    <property name="file.encoding" value="UTF-8"/>
    <property name="java.vm.name" value="Java HotSpot(TM) 64-Bit Server VM"/>
    <property name="maven.ext.class.path" value="C:\Users\ronya\.vscode\extensions\oracle.oracle-java-23.1.0\nbcode\java\maven-nblib\netbeans-eventspy.jar"/>
    <property name="localRepository" value="C:\Users\ronya\.m2\repository"/>
    <property name="java.vendor.url.bug" value="https://bugreport.java.com/bugreport/"/>
    <property name="java.io.tmpdir" value="C:\Users\ronya\AppData\Local\Temp\"/>
    <property name="java.version" value="21.0.3"/>
    <property name="user.dir" value="C:\Users\ronya\Programing\BGU\BGU2\HM-BGU\six_semester\pre_project\Fakezon"/>
    <property name="os.arch" value="amd64"/>
    <property name="java.vm.specification.name" value="Java Virtual Machine Specification"/>
    <property name="user.language.format" value="he"/>
    <property name="sun.os.patch.level" value=""/>
    <property name="native.encoding" value="Cp1255"/>
    <property name="java.library.path" value="C:\Program Files\Java\jdk-21\bin;C:\WINDOWS\Sun\Java\bin;C:\WINDOWS\system32;C:\WINDOWS;C:\Users\ronya\anaconda3\condabin;C:\Python312\Scripts\;C:\Python312\;C:\Program Files\Common Files\Oracle\Java\javapath;C:\Program Files\Microsoft MPI\Bin\;C:\Program Files\NVIDIA GPU Computing Toolkit\CUDA\v10.1\bin;C:\Program Files\NVIDIA GPU Computing Toolkit\CUDA\v10.1\libnvvp;C:\Program Files\NVIDIA GPU Computing Toolkit\CUDA\v11.1\bin;C:\Program Files\NVIDIA GPU Computing Toolkit\CUDA\v11.1\libnvvp;C:\Windows\system32;C:\Windows;C:\Windows\System32\Wbem;C:\Windows\System32\WindowsPowerShell\v1.0\;C:\Windows\System32\OpenSSH\;C:\Program Files\NVIDIA Corporation\NVIDIA NvDLISR;C:\Program Files (x86)\NVIDIA Corporation\PhysX\Common;C:\Program Files\Microsoft SQL Server\Client SDK\ODBC\170\Tools\Binn\;C:\WINDOWS\system32;C:\WINDOWS;C:\WINDOWS\System32\Wbem;C:\WINDOWS\System32\WindowsPowerShell\v1.0\;C:\WINDOWS\System32\OpenSSH\;C:\Program Files\dotnet\;C:\Program Files (x86)\Microsoft SQL Server\150\Tools\Binn\;C:\Program Files\Microsoft SQL Server\150\Tools\Binn\;C:\Program Files\Microsoft SQL Server\150\DTS\Binn\;C:\Program Files (x86)\Microsoft SQL Server\150\DTS\Binn\;C:\Program Files\Git\cmd;C:\WINDOWS\system32;C:\WINDOWS;C:\WINDOWS\System32\Wbem;C:\WINDOWS\System32\WindowsPowerShell\v1.0\;C:\WINDOWS\System32\OpenSSH\;C:\TDM-GCC-64\bin;C:\Program Files\Docker\Docker\resources\bin;C:\ProgramData\chocolatey\bin;C:\Program Files\Java\jdk-21\bin;C:\Program Files\nodejs\;C:\Users\ronya\AppData\Roaming\npm;C:\Program Files\nodejs\;C:\Users\ronya\AppData\Roaming\.dotnet;C:\Users\ronya\anaconda3;C:\Users\ronya\anaconda3\Library\mingw-w64\bin;C:\Users\ronya\anaconda3\Library\usr\bin;C:\Users\ronya\anaconda3\Library\bin;C:\Users\ronya\anaconda3\Scripts;C:\Users\ronya\python\python setup\Scripts\;C:\Users\ronya\python\python setup\;C:\Users\ronya\AppData\Local\Microsoft\WindowsApps;C:\Users\ronya\python\‏‏תיקיה חדשה\PyCharm Community Edition 2020.2\bin;;C:\Users\ronya\AppData\Local\Programs\Microsoft VS Code\bin;C:\Users\ronya\.dotnet\tools;C:\Users\ronya\Microsoft VS Code\bin;C:\Program Files\Azure Data Studio\bin;C:\MinGW\bin;C:\Program Files\Java\jdk-21\bin;C:\Users\ronya\AppData\Roaming\npm;C:\Program Files\nodejs;C:\Maven\apache-maven-3.9.7\bin;;."/>
    <property name="java.vm.info" value="mixed mode, sharing"/>
    <property name="stderr.encoding" value="Cp1255"/>
    <property name="java.vendor" value="Oracle Corporation"/>
    <property name="java.vm.version" value="21.0.3+7-LTS-152"/>
    <property name="sun.io.unicode.encoding" value="UnicodeLittle"/>
    <property name="java.class.version" value="65.0"/>
  </properties>
  <testcase name="givenValidOrder_WhenGetAddress_ThenReturnsCorrectAddress" classname="UnitTesting.OrderTest" time="0.091"/>
  <testcase name="givenValidOrder_WhenSetAddress_ThenAddressIsUpdated" classname="UnitTesting.OrderTest" time="0.004"/>
  <testcase name="givenValidOrder_WhenGetStoreId_ThenReturnsCorrectStoreId" classname="UnitTesting.OrderTest" time="0.002"/>
  <testcase name="givenValidOrder_WhenGetId_ThenReturnsCorrectId" classname="UnitTesting.OrderTest" time="0.004"/>
  <testcase name="givenCashOnDeliveryOrder_WhenSetPaymentMethod_ThenPaymentMethodIsUpdated" classname="UnitTesting.OrderTest" time="0.003"/>
  <testcase name="givenValidOrder_WhenSetState_ThenStateIsUpdated" classname="UnitTesting.OrderTest" time="0.003"/>
  <testcase name="givenValidOrder_WhenGetPaymentMethod_ThenReturnsCorrectPaymentMethod" classname="UnitTesting.OrderTest" time="0.003"/>
  <testcase name="givenValidOrder_WhenGetProductIds_ThenReturnsCorrectProductIds" classname="UnitTesting.OrderTest" time="0.002"/>
  <testcase name="givenValidOrder_WhenGetUserId_ThenReturnsCorrectUserId" classname="UnitTesting.OrderTest" time="0.002"/>
  <testcase name="givenNonCashOnDeliveryOrder_WhenSetPaymentMethod_ThenThrowsException" classname="UnitTesting.OrderTest" time="0.016">
    <failure message="expected: &lt;Can only change payment method for &quot;cash on delevery&quot;.&gt; but was: &lt;Payment method can only be changed if it is not CASH_ON_DELIVERY.&gt;" type="org.opentest4j.AssertionFailedError"><![CDATA[org.opentest4j.AssertionFailedError: expected: <Can only change payment method for "cash on delevery".> but was: <Payment method can only be changed if it is not CASH_ON_DELIVERY.>
	at org.junit.jupiter.api.AssertionFailureBuilder.build(AssertionFailureBuilder.java:151)
	at org.junit.jupiter.api.AssertionFailureBuilder.buildAndThrow(AssertionFailureBuilder.java:132)
	at org.junit.jupiter.api.AssertEquals.failNotEqual(AssertEquals.java:197)
	at org.junit.jupiter.api.AssertEquals.assertEquals(AssertEquals.java:182)
	at org.junit.jupiter.api.AssertEquals.assertEquals(AssertEquals.java:177)
	at org.junit.jupiter.api.Assertions.assertEquals(Assertions.java:1141)
	at UnitTesting.OrderTest.givenNonCashOnDeliveryOrder_WhenSetPaymentMethod_ThenThrowsException(OrderTest.java:83)
	at java.base/java.lang.reflect.Method.invoke(Method.java:580)
	at java.base/java.util.ArrayList.forEach(ArrayList.java:1596)
	at java.base/java.util.ArrayList.forEach(ArrayList.java:1596)
]]></failure>
  </testcase>
  <testcase name="givenValidOrder_WhenGetState_ThenReturnsCorrectState" classname="UnitTesting.OrderTest" time="0.002"/>
</testsuite>